# JRE version: Java(TM) SE Runtime Environment (11.0.2+9) (build 11.0.2+9-LTS)
# Java VM: Java HotSpot(TM) 64-Bit Server VM (11.0.2+9-LTS, mixed mode, tiered, compressed oops, parallel gc, windows-amd64)
Heap:
 PSYoungGen      total 18944K, used 15886K [0x00000000eab00000, 0x00000000ee280000, 0x0000000100000000)
  eden space 6656K, 54% used [0x00000000eab00000,0x00000000eae83a80,0x00000000eb180000)
  from space 12288K, 100% used [0x00000000ec600000,0x00000000ed200000,0x00000000ed200000)
  to   space 20992K, 0% used [0x00000000eb180000,0x00000000eb180000,0x00000000ec600000)
 ParOldGen       total 91136K, used 80038K [0x00000000c0000000, 0x00000000c5900000, 0x00000000eab00000)
  object space 91136K, 87% used [0x00000000c0000000,0x00000000c4e29990,0x00000000c5900000)
 Metaspace       used 58608K, capacity 61414K, committed 61568K, reserved 1103872K
  class space    used 6741K, capacity 7797K, committed 7808K, reserved 1048576K
GC Heap History (10 events):
Event: 290.847 GC heap before
{Heap before GC invocations=25 (full 3):
 PSYoungGen      total 23040K, used 20433K [0x00000000eab00000, 0x00000000ece00000, 0x0000000100000000)
  eden space 22016K, 90% used [0x00000000eab00000,0x00000000ebe68ad8,0x00000000ec080000)
  from space 1024K, 54% used [0x00000000ecc80000,0x00000000ecd0bc28,0x00000000ecd80000)
  to   space 512K, 0% used [0x00000000ecd80000,0x00000000ecd80000,0x00000000ece00000)
 ParOldGen       total 68608K, used 42594K [0x00000000c0000000, 0x00000000c4300000, 0x00000000eab00000)
  object space 68608K, 62% used [0x00000000c0000000,0x00000000c2998850,0x00000000c4300000)
 Metaspace       used 58492K, capacity 61274K, committed 61312K, reserved 1103872K
  class space    used 6735K, capacity 7795K, committed 7808K, reserved 1048576K
}
Event: 291.017 GC heap after
{Heap after GC invocations=25 (full 3):
 PSYoungGen      total 22528K, used 512K [0x00000000eab00000, 0x00000000ed280000, 0x0000000100000000)
  eden space 22016K, 0% used [0x00000000eab00000,0x00000000eab00000,0x00000000ec080000)
  from space 512K, 100% used [0x00000000ecd80000,0x00000000ece00000,0x00000000ece00000)
  to   space 9216K, 0% used [0x00000000ec080000,0x00000000ec080000,0x00000000ec980000)
 ParOldGen       total 68608K, used 49858K [0x00000000c0000000, 0x00000000c4300000, 0x00000000eab00000)
  object space 68608K, 72% used [0x00000000c0000000,0x00000000c30b09d8,0x00000000c4300000)
 Metaspace       used 58492K, capacity 61274K, committed 61312K, reserved 1103872K
  class space    used 6735K, capacity 7795K, committed 7808K, reserved 1048576K
}
Event: 291.979 GC heap before
{Heap before GC invocations=26 (full 4):
 PSYoungGen      total 22528K, used 22528K [0x00000000eab00000, 0x00000000ed280000, 0x0000000100000000)
  eden space 22016K, 100% used [0x00000000eab00000,0x00000000ec080000,0x00000000ec080000)
  from space 512K, 100% used [0x00000000ecd80000,0x00000000ece00000,0x00000000ece00000)
  to   space 9216K, 0% used [0x00000000ec080000,0x00000000ec080000,0x00000000ec980000)
 ParOldGen       total 79872K, used 76187K [0x00000000c0000000, 0x00000000c4e00000, 0x00000000eab00000)
  object space 79872K, 95% used [0x00000000c0000000,0x00000000c4a66f88,0x00000000c4e00000)
 Metaspace       used 58514K, capacity 61274K, committed 61312K, reserved 1103872K
  class space    used 6738K, capacity 7795K, committed 7808K, reserved 1048576K
}
Event: 293.292 GC heap after
{Heap after GC invocations=26 (full 4):
 PSYoungGen      total 31232K, used 0K [0x00000000eab00000, 0x00000000ed280000, 0x0000000100000000)
  eden space 22016K, 0% used [0x00000000eab00000,0x00000000eab00000,0x00000000ec080000)
  from space 9216K, 0% used [0x00000000ec080000,0x00000000ec080000,0x00000000ec980000)
  to   space 9216K, 0% used [0x00000000ec980000,0x00000000ec980000,0x00000000ed280000)
 ParOldGen       total 91136K, used 57078K [0x00000000c0000000, 0x00000000c5900000, 0x00000000eab00000)
  object space 91136K, 62% used [0x00000000c0000000,0x00000000c37bd990,0x00000000c5900000)
 Metaspace       used 58514K, capacity 61274K, committed 61312K, reserved 1103872K
  class space    used 6738K, capacity 7795K, committed 7808K, reserved 1048576K
}
Event: 293.525 GC heap before
{Heap before GC invocations=27 (full 4):
 PSYoungGen      total 31232K, used 22016K [0x00000000eab00000, 0x00000000ed280000, 0x0000000100000000)
  eden space 22016K, 100% used [0x00000000eab00000,0x00000000ec080000,0x00000000ec080000)
  from space 9216K, 0% used [0x00000000ec080000,0x00000000ec080000,0x00000000ec980000)
  to   space 9216K, 0% used [0x00000000ec980000,0x00000000ec980000,0x00000000ed280000)
 ParOldGen       total 91136K, used 57078K [0x00000000c0000000, 0x00000000c5900000, 0x00000000eab00000)
  object space 91136K, 62% used [0x00000000c0000000,0x00000000c37bd990,0x00000000c5900000)
 Metaspace       used 58524K, capacity 61274K, committed 61312K, reserved 1103872K
  class space    used 6738K, capacity 7795K, committed 7808K, reserved 1048576K
}
Event: 293.616 GC heap after
{Heap after GC invocations=27 (full 4):
 PSYoungGen      total 22016K, used 9216K [0x00000000eab00000, 0x00000000ee400000, 0x0000000100000000)
  eden space 12800K, 0% used [0x00000000eab00000,0x00000000eab00000,0x00000000eb780000)
  from space 9216K, 100% used [0x00000000ec980000,0x00000000ed280000,0x00000000ed280000)
  to   space 18432K, 0% used [0x00000000eb780000,0x00000000eb780000,0x00000000ec980000)
 ParOldGen       total 91136K, used 64126K [0x00000000c0000000, 0x00000000c5900000, 0x00000000eab00000)
  object space 91136K, 70% used [0x00000000c0000000,0x00000000c3e9f990,0x00000000c5900000)
 Metaspace       used 58524K, capacity 61274K, committed 61312K, reserved 1103872K
  class space    used 6738K, capacity 7795K, committed 7808K, reserved 1048576K
}
Event: 293.767 GC heap before
{Heap before GC invocations=28 (full 4):
 PSYoungGen      total 22016K, used 22016K [0x00000000eab00000, 0x00000000ee400000, 0x0000000100000000)
  eden space 12800K, 100% used [0x00000000eab00000,0x00000000eb780000,0x00000000eb780000)
  from space 9216K, 100% used [0x00000000ec980000,0x00000000ed280000,0x00000000ed280000)
  to   space 18432K, 0% used [0x00000000eb780000,0x00000000eb780000,0x00000000ec980000)
 ParOldGen       total 91136K, used 64126K [0x00000000c0000000, 0x00000000c5900000, 0x00000000eab00000)
  object space 91136K, 70% used [0x00000000c0000000,0x00000000c3e9f990,0x00000000c5900000)
 Metaspace       used 58537K, capacity 61274K, committed 61312K, reserved 1103872K
  class space    used 6740K, capacity 7795K, committed 7808K, reserved 1048576K
}
Event: 293.831 GC heap after
{Heap after GC invocations=28 (full 4):
 PSYoungGen      total 22528K, used 9440K [0x00000000eab00000, 0x00000000ed200000, 0x0000000100000000)
  eden space 12800K, 0% used [0x00000000eab00000,0x00000000eab00000,0x00000000eb780000)
  from space 9728K, 97% used [0x00000000eb780000,0x00000000ec0b8000,0x00000000ec100000)
  to   space 12288K, 0% used [0x00000000ec600000,0x00000000ec600000,0x00000000ed200000)
 ParOldGen       total 91136K, used 73374K [0x00000000c0000000, 0x00000000c5900000, 0x00000000eab00000)
  object space 91136K, 80% used [0x00000000c0000000,0x00000000c47a7990,0x00000000c5900000)
 Metaspace       used 58537K, capacity 61274K, committed 61312K, reserved 1103872K
  class space    used 6740K, capacity 7795K, committed 7808K, reserved 1048576K
}
Event: 294.851 GC heap before
{Heap before GC invocations=29 (full 4):
 PSYoungGen      total 22528K, used 22240K [0x00000000eab00000, 0x00000000ed200000, 0x0000000100000000)
  eden space 12800K, 100% used [0x00000000eab00000,0x00000000eb780000,0x00000000eb780000)
  from space 9728K, 97% used [0x00000000eb780000,0x00000000ec0b8000,0x00000000ec100000)
  to   space 12288K, 0% used [0x00000000ec600000,0x00000000ec600000,0x00000000ed200000)
 ParOldGen       total 91136K, used 73374K [0x00000000c0000000, 0x00000000c5900000, 0x00000000eab00000)
  object space 91136K, 80% used [0x00000000c0000000,0x00000000c47a7990,0x00000000c5900000)
 Metaspace       used 58544K, capacity 61274K, committed 61312K, reserved 1103872K
  class space    used 6740K, capacity 7795K, committed 7808K, reserved 1048576K
}
Event: 295.179 GC heap after
{Heap after GC invocations=29 (full 4):
 PSYoungGen      total 18944K, used 12288K [0x00000000eab00000, 0x00000000ee280000, 0x0000000100000000)
  eden space 6656K, 0% used [0x00000000eab00000,0x00000000eab00000,0x00000000eb180000)
  from space 12288K, 100% used [0x00000000ec600000,0x00000000ed200000,0x00000000ed200000)
  to   space 20992K, 0% used [0x00000000eb180000,0x00000000eb180000,0x00000000ec600000)
 ParOldGen       total 91136K, used 80038K [0x00000000c0000000, 0x00000000c5900000, 0x00000000eab00000)
  object space 91136K, 87% used [0x00000000c0000000,0x00000000c4e29990,0x00000000c5900000)
 Metaspace       used 58544K, capacity 61274K, committed 61312K, reserved 1103872K
  class space    used 6740K, capacity 7795K, committed 7808K, reserved 1048576K
}

